<?xml version="1.0" encoding="UTF-8"?>
<testng-results skipped="0" failed="0" ignored="0" total="2" passed="2">
  <reporter-output>
  </reporter-output>
  <suite name="Surefire suite" duration-ms="36641" started-at="2019-04-30T05:20:19Z" finished-at="2019-04-30T05:20:55Z">
    <groups>
    </groups>
    <test name="Surefire test" duration-ms="36641" started-at="2019-04-30T05:20:19Z" finished-at="2019-04-30T05:20:55Z">
      <class name="com.shop.qa.testcases.LoginPageTest">
        <test-method status="PASS" signature="setUp()[pri:0, instance:com.shop.qa.testcases.LoginPageTest@5cc7c2a6]" name="setUp" is-config="true" duration-ms="16103" started-at="2019-04-30T05:20:19Z" finished-at="2019-04-30T05:20:35Z">
          <reporter-output>
          </reporter-output>
        </test-method> <!-- setUp -->
        <test-method status="PASS" signature="loginPageTitleTest()[pri:1, instance:com.shop.qa.testcases.LoginPageTest@5cc7c2a6]" name="loginPageTitleTest" duration-ms="7" started-at="2019-04-30T05:20:35Z" finished-at="2019-04-30T05:20:35Z">
          <reporter-output>
          </reporter-output>
        </test-method> <!-- loginPageTitleTest -->
        <test-method status="PASS" signature="tearDown()[pri:0, instance:com.shop.qa.testcases.LoginPageTest@5cc7c2a6]" name="tearDown" is-config="true" duration-ms="1434" started-at="2019-04-30T05:20:35Z" finished-at="2019-04-30T05:20:36Z">
          <reporter-output>
          </reporter-output>
        </test-method> <!-- tearDown -->
        <test-method status="PASS" signature="setUp()[pri:0, instance:com.shop.qa.testcases.LoginPageTest@5cc7c2a6]" name="setUp" is-config="true" duration-ms="15768" started-at="2019-04-30T05:20:36Z" finished-at="2019-04-30T05:20:52Z">
          <reporter-output>
          </reporter-output>
        </test-method> <!-- setUp -->
        <test-method status="PASS" signature="loginTest()[pri:2, instance:com.shop.qa.testcases.LoginPageTest@5cc7c2a6]" name="loginTest" duration-ms="1571" started-at="2019-04-30T05:20:52Z" finished-at="2019-04-30T05:20:54Z">
          <reporter-output>
          </reporter-output>
        </test-method> <!-- loginTest -->
        <test-method status="PASS" signature="tearDown()[pri:0, instance:com.shop.qa.testcases.LoginPageTest@5cc7c2a6]" name="tearDown" is-config="true" duration-ms="1734" started-at="2019-04-30T05:20:54Z" finished-at="2019-04-30T05:20:55Z">
          <reporter-output>
          </reporter-output>
        </test-method> <!-- tearDown -->
      </class> <!-- com.shop.qa.testcases.LoginPageTest -->
    </test> <!-- Surefire test -->
  </suite> <!-- Surefire suite -->
</testng-results>
