<?xml version="1.0" encoding="UTF-8"?>
<testsuite xmlns:xsi="http://www.w3.org/2001/XMLSchema-instance" xsi:noNamespaceSchemaLocation="https://maven.apache.org/surefire/maven-surefire-plugin/xsd/surefire-test-report.xsd" name="com.shop.qa.testcases.LoginPageTest" time="37.187" tests="2" errors="0" skipped="0" failures="0">
  <properties>
[...]
</properties>
  <testcase name="loginPageTitleTest" classname="com.shop.qa.testcases.LoginPageTest" time="0.007"/>
  <testcase name="loginTest" classname="com.shop.qa.testcases.LoginPageTest" time="1.572"/>
</testsuite>