<?xml version="1.0" encoding="UTF-8"?>
<testng-results skipped="0" failed="0" ignored="0" total="2" passed="2">
  <reporter-output>
  </reporter-output>
  <suite name="Default suite" duration-ms="18619" started-at="2019-04-29T09:51:32Z" finished-at="2019-04-29T09:51:50Z">
    <groups>
    </groups>
    <test name="Default test" duration-ms="18619" started-at="2019-04-29T09:51:32Z" finished-at="2019-04-29T09:51:50Z">
      <class name="com.shop.qa.testcases.LoginPageTest">
        <test-method status="PASS" signature="setUp()[pri:0, instance:com.shop.qa.testcases.LoginPageTest@757942a1]" name="setUp" is-config="true" duration-ms="8945" started-at="2019-04-29T09:51:32Z" finished-at="2019-04-29T09:51:41Z">
          <reporter-output>
          </reporter-output>
        </test-method> <!-- setUp -->
        <test-method status="PASS" signature="loginPageTitleTest()[pri:1, instance:com.shop.qa.testcases.LoginPageTest@757942a1]" name="loginPageTitleTest" duration-ms="32" started-at="2019-04-29T09:51:41Z" finished-at="2019-04-29T09:51:41Z">
          <reporter-output>
          </reporter-output>
        </test-method> <!-- loginPageTitleTest -->
        <test-method status="PASS" signature="tearDown()[pri:0, instance:com.shop.qa.testcases.LoginPageTest@757942a1]" name="tearDown" is-config="true" duration-ms="788" started-at="2019-04-29T09:51:41Z" finished-at="2019-04-29T09:51:42Z">
          <reporter-output>
          </reporter-output>
        </test-method> <!-- tearDown -->
        <test-method status="PASS" signature="setUp()[pri:0, instance:com.shop.qa.testcases.LoginPageTest@757942a1]" name="setUp" is-config="true" duration-ms="5702" started-at="2019-04-29T09:51:42Z" finished-at="2019-04-29T09:51:47Z">
          <reporter-output>
          </reporter-output>
        </test-method> <!-- setUp -->
        <test-method status="PASS" signature="loginTest()[pri:2, instance:com.shop.qa.testcases.LoginPageTest@757942a1]" name="loginTest" duration-ms="2320" started-at="2019-04-29T09:51:47Z" finished-at="2019-04-29T09:51:50Z">
          <reporter-output>
          </reporter-output>
        </test-method> <!-- loginTest -->
        <test-method status="PASS" signature="tearDown()[pri:0, instance:com.shop.qa.testcases.LoginPageTest@757942a1]" name="tearDown" is-config="true" duration-ms="809" started-at="2019-04-29T09:51:50Z" finished-at="2019-04-29T09:51:50Z">
          <reporter-output>
          </reporter-output>
        </test-method> <!-- tearDown -->
      </class> <!-- com.shop.qa.testcases.LoginPageTest -->
    </test> <!-- Default test -->
  </suite> <!-- Default suite -->
</testng-results>
